<?xml version="1.0" encoding="UTF-8"?>
<!-- Generated by org.testng.reporters.JUnitXMLReporter -->
<testsuite hostname="Win7-PC" ignored="0" name="TestNGParallel" tests="1" failures="1" timestamp="11 Jun 2020 23:17:03 GMT" time="0.028" errors="0">
  <testcase name="credentials" time="0.0" classname="com.qa.testNGScripts.demoprallelTestNG">
    <failure type="org.testng.TestNGException" message="
Parameter &amp;apos;Username&amp;apos; is required by @Test on method credentials but has not been marked @Optional or defined
in C:\Users\Win7\Documents\Ranjita Code\Java\Learn_Java\MaySeleniumproject\src\main\resources\TestparallelTestng.xml">
      <![CDATA[org.testng.TestNGException: 
Parameter 'Username' is required by @Test on method credentials but has not been marked @Optional or defined
in C:\Users\Win7\Documents\Ranjita Code\Java\Learn_Java\MaySeleniumproject\src\main\resources\TestparallelTestng.xml
at java.util.concurrent.FutureTask.run(Unknown Source)
at java.util.concurrent.ThreadPoolExecutor.runWorker(Unknown Source)
at java.util.concurrent.ThreadPoolExecutor$Worker.run(Unknown Source)
at java.lang.Thread.run(Unknown Source)
... Removed 15 stack frames]]>
    </failure>
  </testcase> <!-- credentials -->
</testsuite> <!-- TestNGParallel -->
