<?xml version="1.0" encoding="UTF-8"?>
<!-- Generated by org.testng.reporters.JUnitReportReporter -->
<testsuite skipped="1" hostname="Win7-PC" name="com.qa.testNGScripts.TestNGsrictssample" tests="2" failures="0" timestamp="01 Jun 2020 22:57:51 GMT" time="13.836" errors="1">
  <testcase name="configuration" time="13.836" classname="com.qa.testNGScripts.TestNGsrictssample">
    <error type="org.openqa.selenium.SessionNotCreatedException" message="session not created
from chrome not reachable
  (Session info: chrome=83.0.4103.61)
Build info: version: &#039;3.141.59&#039;, revision: &#039;e82be7d358&#039;, time: &#039;2018-11-14T08:17:03&#039;
System info: host: &#039;WIN7-PC&#039;, ip: &#039;192.168.1.110&#039;, os.name: &#039;Windows 10&#039;, os.arch: &#039;amd64&#039;, os.version: &#039;10.0&#039;, java.version: &#039;1.8.0_251&#039;
Driver info: driver.version: ChromeDriver
remote stacktrace: Backtrace:
	Ordinal0 [0x004E9563+2725219]
	Ordinal0 [0x003E8551+1672529]
	Ordinal0 [0x002D0202+524802]
	Ordinal0 [0x002C99B2+498098]
	Ordinal0 [0x002CA09B+499867]
	Ordinal0 [0x002CAFF5+503797]
	Ordinal0 [0x002C6994+485780]
	Ordinal0 [0x002D0FF0+528368]
	Ordinal0 [0x0027D6C9+186057]
	Ordinal0 [0x0027CA3D+182845]
	Ordinal0 [0x0027A94B+174411]
	Ordinal0 [0x00262528+75048]
	Ordinal0 [0x002635A0+79264]
	Ordinal0 [0x00263539+79161]
	Ordinal0 [0x003FD607+1758727]
	GetHandleVerifier [0x00606546+1050150]
	GetHandleVerifier [0x00606291+1049457]
	GetHandleVerifier [0x006110D7+1094071]
	GetHandleVerifier [0x00606B46+1051686]
	Ordinal0 [0x003F5B06+1727238]
	Ordinal0 [0x003FEB7B+1764219]
	Ordinal0 [0x003FECE3+1764579]
	Ordinal0 [0x00414C05+1854469]
	BaseThreadInitThunk [0x75766359+25]
	RtlGetAppContainerNamedObjectPath [0x77BB7C24+228]
	RtlGetAppContainerNamedObjectPath [0x77BB7BF4+180]
">
      <![CDATA[org.openqa.selenium.SessionNotCreatedException: session not created
from chrome not reachable
  (Session info: chrome=83.0.4103.61)
Build info: version: '3.141.59', revision: 'e82be7d358', time: '2018-11-14T08:17:03'
System info: host: 'WIN7-PC', ip: '192.168.1.110', os.name: 'Windows 10', os.arch: 'amd64', os.version: '10.0', java.version: '1.8.0_251'
Driver info: driver.version: ChromeDriver
remote stacktrace: Backtrace:
Ordinal0 [0x004E9563+2725219]
Ordinal0 [0x003E8551+1672529]
Ordinal0 [0x002D0202+524802]
Ordinal0 [0x002C99B2+498098]
Ordinal0 [0x002CA09B+499867]
Ordinal0 [0x002CAFF5+503797]
Ordinal0 [0x002C6994+485780]
Ordinal0 [0x002D0FF0+528368]
Ordinal0 [0x0027D6C9+186057]
Ordinal0 [0x0027CA3D+182845]
Ordinal0 [0x0027A94B+174411]
Ordinal0 [0x00262528+75048]
Ordinal0 [0x002635A0+79264]
Ordinal0 [0x00263539+79161]
Ordinal0 [0x003FD607+1758727]
GetHandleVerifier [0x00606546+1050150]
GetHandleVerifier [0x00606291+1049457]
GetHandleVerifier [0x006110D7+1094071]
GetHandleVerifier [0x00606B46+1051686]
Ordinal0 [0x003F5B06+1727238]
Ordinal0 [0x003FEB7B+1764219]
Ordinal0 [0x003FECE3+1764579]
Ordinal0 [0x00414C05+1854469]
BaseThreadInitThunk [0x75766359+25]
RtlGetAppContainerNamedObjectPath [0x77BB7C24+228]
RtlGetAppContainerNamedObjectPath [0x77BB7BF4+180]

at sun.reflect.NativeConstructorAccessorImpl.newInstance0(Native Method)
at sun.reflect.NativeConstructorAccessorImpl.newInstance(Unknown Source)
at sun.reflect.DelegatingConstructorAccessorImpl.newInstance(Unknown Source)
at java.lang.reflect.Constructor.newInstance(Unknown Source)
at org.openqa.selenium.remote.W3CHandshakeResponse.lambda$errorHandler$0(W3CHandshakeResponse.java:62)
at org.openqa.selenium.remote.HandshakeResponse.lambda$getResponseFunction$0(HandshakeResponse.java:30)
at org.openqa.selenium.remote.ProtocolHandshake.lambda$createSession$0(ProtocolHandshake.java:126)
at java.util.stream.ReferencePipeline$3$1.accept(Unknown Source)
at java.util.Spliterators$ArraySpliterator.tryAdvance(Unknown Source)
at java.util.stream.ReferencePipeline.forEachWithCancel(Unknown Source)
at java.util.stream.AbstractPipeline.copyIntoWithCancel(Unknown Source)
at java.util.stream.AbstractPipeline.copyInto(Unknown Source)
at java.util.stream.AbstractPipeline.wrapAndCopyInto(Unknown Source)
at java.util.stream.FindOps$FindOp.evaluateSequential(Unknown Source)
at java.util.stream.AbstractPipeline.evaluate(Unknown Source)
at java.util.stream.ReferencePipeline.findFirst(Unknown Source)
at org.openqa.selenium.remote.ProtocolHandshake.createSession(ProtocolHandshake.java:128)
at org.openqa.selenium.remote.ProtocolHandshake.createSession(ProtocolHandshake.java:74)
at org.openqa.selenium.remote.HttpCommandExecutor.execute(HttpCommandExecutor.java:136)
at org.openqa.selenium.remote.service.DriverCommandExecutor.execute(DriverCommandExecutor.java:83)
at org.openqa.selenium.remote.RemoteWebDriver.execute(RemoteWebDriver.java:552)
at org.openqa.selenium.remote.RemoteWebDriver.startSession(RemoteWebDriver.java:213)
at org.openqa.selenium.remote.RemoteWebDriver.<init>(RemoteWebDriver.java:131)
at org.openqa.selenium.chrome.ChromeDriver.<init>(ChromeDriver.java:181)
at org.openqa.selenium.chrome.ChromeDriver.<init>(ChromeDriver.java:168)
at org.openqa.selenium.chrome.ChromeDriver.<init>(ChromeDriver.java:123)
at com.qa.testNGScripts.TestNGsrictssample.configuration(TestNGsrictssample.java:24)
at sun.reflect.NativeMethodAccessorImpl.invoke0(Native Method)
at sun.reflect.NativeMethodAccessorImpl.invoke(Unknown Source)
at sun.reflect.DelegatingMethodAccessorImpl.invoke(Unknown Source)
at java.lang.reflect.Method.invoke(Unknown Source)
at org.testng.internal.MethodInvocationHelper.invokeMethod(MethodInvocationHelper.java:124)
at org.testng.internal.MethodInvocationHelper.invokeMethodConsideringTimeout(MethodInvocationHelper.java:59)
at org.testng.internal.Invoker.invokeConfigurationMethod(Invoker.java:458)
at org.testng.internal.Invoker.invokeConfigurations(Invoker.java:222)
at org.testng.internal.Invoker.invokeConfigurations(Invoker.java:142)
at org.testng.internal.TestMethodWorker.invokeBeforeClassMethods(TestMethodWorker.java:168)
at org.testng.internal.TestMethodWorker.run(TestMethodWorker.java:105)
at org.testng.TestRunner.privateRun(TestRunner.java:648)
at org.testng.TestRunner.run(TestRunner.java:505)
at org.testng.SuiteRunner.runTest(SuiteRunner.java:455)
at org.testng.SuiteRunner.runSequentially(SuiteRunner.java:450)
at org.testng.SuiteRunner.privateRun(SuiteRunner.java:415)
at org.testng.SuiteRunner.run(SuiteRunner.java:364)
at org.testng.SuiteRunnerWorker.runSuite(SuiteRunnerWorker.java:52)
at org.testng.SuiteRunnerWorker.run(SuiteRunnerWorker.java:84)
at org.testng.TestNG.runSuitesSequentially(TestNG.java:1208)
at org.testng.TestNG.runSuitesLocally(TestNG.java:1137)
at org.testng.TestNG.runSuites(TestNG.java:1049)
at org.testng.TestNG.run(TestNG.java:1017)
at org.testng.remote.AbstractRemoteTestNG.run(AbstractRemoteTestNG.java:114)
at org.testng.remote.RemoteTestNG.initAndRun(RemoteTestNG.java:251)
at org.testng.remote.RemoteTestNG.main(RemoteTestNG.java:77)
]]>
    </error>
  </testcase> <!-- configuration -->
  <testcase name="login" time="0.000" classname="com.qa.testNGScripts.TestNGsrictssample">
    <skipped/>
  </testcase> <!-- login -->
</testsuite> <!-- com.qa.testNGScripts.TestNGsrictssample -->
